2020-07-18 17:38:18.513 | INFO     | __main__:run:128 - [SUCCESS] https://www.znds.com/member.php?mod=zndscomregister
2020-07-18 17:39:18.527 | INFO     | __main__:run:133 - [ERROR] https://accounts.douban.com/passport/login?source=book
2020-07-18 17:40:34.167 | INFO     | __main__:run:128 - [SUCCESS] http://www.sxxxpx.cn/mba/wps/p/002QG/
2020-07-18 17:40:34.177 | INFO     | __main__:run:135 - [ERROR] http://xw7c8v4rx7ajxxvj.mikecrm.com/kiMGSiQ
2020-07-18 17:41:06.861 | INFO     | __main__:run:135 - [ERROR] https://hi.codemao.cn/v2
2020-07-18 17:41:26.489 | INFO     | __main__:run:128 - [SUCCESS] http://wap.gbhui.com/captcha_login.html
2020-07-18 17:41:49.223 | INFO     | __main__:run:128 - [SUCCESS] https://www.nicekid.com/register/nicekid-biteabc
2020-07-18 17:42:45.366 | INFO     | __main__:run:128 - [SUCCESS] https://login.51job.com/login.php?isjump=0&loginway=1&lang=c&from_domain=i&url=
2020-07-18 17:43:50.475 | INFO     | __main__:run:128 - [SUCCESS] http://www.hellotom-edu.com/470
2020-07-18 17:43:50.485 | INFO     | __main__:run:135 - [ERROR] https://user.mihoyo.com/#/register/mobile?cb_route=%2Faccount%2Fhome
2020-07-18 17:44:46.270 | INFO     | __main__:run:128 - [SUCCESS] https://www.jia.com/zx/other/semtf/
2020-07-18 17:45:57.173 | INFO     | __main__:run:128 - [SUCCESS] http://v.huatu.com/newUser/reg.php
2020-07-18 17:46:07.235 | INFO     | __main__:run:135 - [ERROR] https://account.xiaomi.com/pass/serviceLogin
2020-07-18 17:46:19.855 | INFO     | __main__:run:135 - [ERROR] http://fd1.qinxue100.com/index.html
2020-07-18 17:46:29.937 | INFO     | __main__:run:135 - [ERROR] https://account.xiaomi.com/pass/serviceLogin
2020-07-18 17:47:22.085 | INFO     | __main__:run:128 - [SUCCESS] https://www.zhangmen.com/lp/sem
2020-07-18 17:48:23.151 | INFO     | __main__:run:128 - [SUCCESS] https://sso.kuaidi100.com/sso/reg.jsp
2020-07-18 17:49:23.163 | INFO     | __main__:run:133 - [ERROR] https://wse.com.cn/zh/register/
2020-07-18 17:49:24.734 | INFO     | __main__:run:135 - [ERROR] https://www.xxsy.net/Reg
2020-07-18 17:50:37.232 | INFO     | __main__:run:128 - [SUCCESS] http://www.unclesamedu.com/index.php
2020-07-18 17:50:37.239 | INFO     | __main__:run:135 - [ERROR] https://adm.youyucode.com/appointment.html?source=n1
2020-07-18 17:50:54.139 | INFO     | __main__:run:128 - [SUCCESS] https://passport.58.com/reg/
2020-07-18 17:51:13.381 | INFO     | __main__:run:128 - [SUCCESS] http://reg.timemm.com/user/register
2020-07-18 17:52:48.562 | INFO     | __main__:run:128 - [SUCCESS] https://accounts.douban.com/passport/login?source=book
2020-07-18 17:53:34.013 | INFO     | __main__:run:128 - [SUCCESS] https://ims.pinduoduo.com/plus/
2020-07-18 17:54:18.478 | INFO     | __main__:run:128 - [SUCCESS] https://sso.kuaidi100.com/sso/authorize.do
2020-07-18 17:55:22.921 | INFO     | __main__:run:128 - [SUCCESS] https://sso.kuaidi100.com/sso/reg.jsp
2020-07-18 17:55:41.176 | INFO     | __main__:run:128 - [SUCCESS] https://zt.xueersi.com/zaixian/pc-zhu-tiyanke/index.html
2020-07-18 17:56:28.168 | INFO     | __main__:run:128 - [SUCCESS] http://www.zgtzmls.com/Home/User/reg.html
2020-07-18 17:56:33.684 | INFO     | __main__:run:135 - [ERROR] https://www.liuxue86.com/
2020-07-18 17:57:14.324 | INFO     | __main__:run:128 - [SUCCESS] http://wap.gbhui.com/captcha_login.html
2020-07-18 17:57:28.814 | INFO     | __main__:run:128 - [SUCCESS] http://reg.timemm.com/user/register
2020-07-18 17:58:27.613 | INFO     | __main__:run:128 - [SUCCESS] http://www.qianlima.com/new/keywordzhuolu_invite.jsp
2020-07-18 17:59:46.485 | INFO     | __main__:run:128 - [SUCCESS] https://www.vipjr.com/
2020-07-18 18:00:11.109 | INFO     | __main__:run:128 - [SUCCESS] http://www.51talk.com/landing/bdpz1_087737.html
2020-07-18 18:00:11.116 | INFO     | __main__:run:135 - [ERROR] https://www.story-mark.com/login/code
2020-07-18 18:00:22.150 | INFO     | __main__:run:135 - [ERROR] http://user.tcl.com/proxy/login
2020-07-18 18:00:54.977 | INFO     | __main__:run:135 - [ERROR] http://www.cctvqcxq.com/
2020-07-18 18:01:08.488 | INFO     | __main__:run:128 - [SUCCESS] https://www.xxsy.net/Reg
2020-07-18 18:01:52.335 | INFO     | __main__:run:128 - [SUCCESS] http://reg.timemm.com/user/register
2020-07-18 18:01:55.552 | INFO     | __main__:run:135 - [ERROR] https://sso.kuaidi100.com/sso/authorize.do
2020-07-18 18:02:14.691 | INFO     | __main__:run:128 - [SUCCESS] https://sso.kuaidi100.com/sso/authorize.do
2020-07-18 18:02:58.655 | INFO     | __main__:run:128 - [SUCCESS] http://www.qianlima.com/new/keywordzhuolu_invite.jsp
2020-07-18 18:03:37.904 | INFO     | __main__:run:128 - [SUCCESS] https://login.51job.com/login.php?isjump=0&loginway=1&lang=c&from_domain=i&url=
2020-07-18 18:04:42.382 | INFO     | __main__:run:128 - [SUCCESS] https://adm.youyucode.com/appointment.html?source=n1
2020-07-18 18:05:42.395 | INFO     | __main__:run:133 - [ERROR] https://tj.ikongjian.com/reservation/index
2020-07-18 18:06:43.259 | INFO     | __main__:run:128 - [SUCCESS] https://ims.pinduoduo.com/plus/
2020-07-18 18:07:43.272 | INFO     | __main__:run:133 - [ERROR] https://www.idayu.cn/
2020-07-18 18:07:57.533 | INFO     | __main__:run:128 - [SUCCESS] http://v.huatu.com/newUser/reg.php
2020-07-18 18:09:13.176 | INFO     | __main__:run:128 - [SUCCESS] https://www.znds.com/member.php?mod=zndscomregister
2020-07-18 18:10:42.180 | INFO     | __main__:run:128 - [SUCCESS] https://www.jianshu.com/users/password/mobile_reset
2020-07-18 18:11:31.640 | INFO     | __main__:run:128 - [SUCCESS] https://accounts.douban.com/passport/login?source=book
2020-07-18 18:12:26.651 | INFO     | __main__:run:128 - [SUCCESS] http://baiduloushi.com/plus/view.php?aid=653
2020-07-18 18:12:26.655 | INFO     | __main__:run:135 - [ERROR] http://learning.learningedu.com.cn/
2020-07-18 18:13:09.189 | INFO     | __main__:run:128 - [SUCCESS] https://www.qinxue365.com/business/388.html
2020-07-18 18:13:31.052 | INFO     | __main__:run:128 - [SUCCESS] https://ims.pinduoduo.com/plus/
2020-07-18 18:14:14.982 | INFO     | __main__:run:128 - [SUCCESS] http://www.beimu.com/school/
2020-07-18 18:15:13.549 | INFO     | __main__:run:128 - [SUCCESS] http://xa.ui.tedu.cn/baiduuipc/zh
2020-07-18 18:15:41.449 | INFO     | __main__:run:128 - [SUCCESS] http://www.51talk.com/landing/bdpz1_087737.html
2020-07-18 18:15:41.455 | INFO     | __main__:run:135 - [ERROR] https://hi.codemao.cn/v2
2020-07-18 18:17:00.100 | INFO     | __main__:run:128 - [SUCCESS] https://www.gsbankmall.com/index.php/Wap/index/userhome.html
2020-07-18 18:17:49.596 | INFO     | __main__:run:128 - [SUCCESS] http://www.qianlima.com/new/keywordzhuolu_invite.jsp
2020-07-18 18:18:40.831 | INFO     | __main__:run:128 - [SUCCESS] https://www.ef.com.cn/englishfirst/kids/
2020-07-18 18:20:19.678 | INFO     | __main__:run:128 - [SUCCESS] http://www.it61.cn/coding-class/
2020-07-18 18:21:12.184 | INFO     | __main__:run:128 - [SUCCESS] https://2car.haval.com.cn/quicklogin
2020-07-18 18:22:19.097 | INFO     | __main__:run:128 - [SUCCESS] https://zt.xueersi.com/zaixian/pc-zhu-tiyanke/index.html
2020-07-18 18:22:28.689 | INFO     | __main__:run:135 - [ERROR] https://account.xiaomi.com/pass/serviceLogin
2020-07-18 18:23:39.265 | INFO     | __main__:run:128 - [SUCCESS] https://class.hujiang.com/
2020-07-18 18:24:39.277 | INFO     | __main__:run:133 - [ERROR] https://www.zhangmen.com/lp/sem
2020-07-18 18:24:52.748 | INFO     | __main__:run:135 - [ERROR] https://www.to8to.com/yezhu/
2020-07-18 18:25:50.409 | INFO     | __main__:run:128 - [SUCCESS] https://2car.haval.com.cn/quicklogin
2020-07-18 18:26:51.318 | INFO     | __main__:run:128 - [SUCCESS] https://www.zhangmen.com/lp/sem
2020-07-18 18:27:29.387 | INFO     | __main__:run:128 - [SUCCESS] https://passport.58.com/reg/
2020-07-18 18:28:26.937 | INFO     | __main__:run:135 - [ERROR] https://adm.youyucode.com/appointment.html?source=n1
2020-07-18 18:28:38.982 | INFO     | __main__:run:135 - [ERROR] https://wse.com.cn/zh/register/
2020-07-18 18:28:51.015 | INFO     | __main__:run:135 - [ERROR] https://hi.codemao.cn/v2
2020-07-18 18:29:03.057 | INFO     | __main__:run:135 - [ERROR] http://www.bole.com/registerPage
2020-07-18 18:29:15.100 | INFO     | __main__:run:135 - [ERROR] https://www.story-mark.com/login/code
2020-07-18 18:31:01.209 | INFO     | __main__:run:135 - [ERROR] https://hi.codemao.cn/v2
2020-07-18 18:31:06.848 | INFO     | __main__:run:135 - [ERROR] https://www.liuxue86.com/
2020-07-18 18:31:29.725 | INFO     | __main__:run:128 - [SUCCESS] https://accounts.douban.com/passport/login?source=book
2020-07-18 18:32:22.347 | INFO     | __main__:run:128 - [SUCCESS] http://www.onlychild.cn/
2020-07-18 18:32:22.354 | INFO     | __main__:run:135 - [ERROR] https://adm.youyucode.com/appointment.html?source=n1
2020-07-18 18:33:33.230 | INFO     | __main__:run:128 - [SUCCESS] https://www.nicekid.com/register/nicekid-biteabc
2020-07-18 18:34:33.244 | INFO     | __main__:run:133 - [ERROR] https://www.idayu.cn/
2020-07-18 18:34:35.251 | INFO     | __main__:run:135 - [ERROR] http://www9.53kf.com/webCompany.php?arg=10135712&style=4
2020-07-18 18:35:06.199 | INFO     | __main__:run:135 - [ERROR] https://hi.codemao.cn/v2
2020-07-18 18:36:17.612 | INFO     | __main__:run:128 - [SUCCESS] https://qy.thea.cn/
2020-07-18 18:36:17.620 | INFO     | __main__:run:135 - [ERROR] https://login.51job.com/login.php?isjump=0&loginway=1&lang=c&from_domain=i&url=
2020-07-18 18:37:28.256 | INFO     | __main__:run:128 - [SUCCESS] https://account.geekbang.org/infoq/signup?redirect=https%3A%2F%2Fwww.infoq.cn%2Farticle%2FLZE%2aob52bASspjYu4c6Z
2020-07-18 18:38:07.510 | INFO     | __main__:run:128 - [SUCCESS] https://zt.xueersi.com/zaixian/pc-zhu-tiyanke/index.html
2020-07-18 18:39:16.395 | INFO     | __main__:run:128 - [SUCCESS] http://passport.360eol.com/pc/passwordOrCodeLogin?from=http%3A%2F%2Fnanjing.360loushi.com%2F&appId=AOqn8WGeXHGZN23dF
2020-07-18 18:39:35.970 | INFO     | __main__:run:128 - [SUCCESS] https://account.geekbang.org/infoq/signup?redirect=https%3A%2F%2Fwww.infoq.cn%2Farticle%2FLZE%2aob52bASspjYu4c6Z
2020-07-18 18:40:13.994 | INFO     | __main__:run:128 - [SUCCESS] http://www.qianlima.com/new/keywordzhuolu_invite.jsp
2020-07-18 18:40:58.467 | INFO     | __main__:run:128 - [SUCCESS] https://ims.pinduoduo.com/plus/
2020-07-18 18:41:48.973 | INFO     | __main__:run:128 - [SUCCESS] https://www.jianshu.com/users/password/mobile_reset
2020-07-18 18:42:21.503 | INFO     | __main__:run:128 - [SUCCESS] https://accounts.douban.com/passport/login?source=book
2020-07-18 18:42:48.087 | INFO     | __main__:run:128 - [SUCCESS] https://passport.58.com/reg/
2020-07-18 18:43:39.855 | INFO     | __main__:run:128 - [SUCCESS] https://sso.kuaidi100.com/sso/authorize.do
2020-07-18 18:44:22.543 | INFO     | __main__:run:128 - [SUCCESS] https://www.nicekid.com/register/nicekid-biteabc
2020-07-18 18:44:46.375 | INFO     | __main__:run:128 - [SUCCESS] http://wap.gbhui.com/captcha_login.html
2020-07-18 18:45:33.979 | INFO     | __main__:run:128 - [SUCCESS] https://user.mihoyo.com/#/register/mobile?cb_route=%2Faccount%2Fhome
2020-07-18 18:45:46.519 | INFO     | __main__:run:128 - [SUCCESS] https://login.51job.com/login.php?isjump=0&loginway=1&lang=c&from_domain=i&url=
2020-07-18 18:46:43.732 | INFO     | __main__:run:128 - [SUCCESS] http://www.beimu.com/school/
2020-07-18 18:47:49.685 | INFO     | __main__:run:128 - [SUCCESS] http://www.zgtzmls.com/Home/User/reg.html
2020-07-18 18:48:11.826 | INFO     | __main__:run:128 - [SUCCESS] http://www.sh-juyun.com/
2020-07-18 18:49:17.907 | INFO     | __main__:run:128 - [SUCCESS] http://www.it61.cn/coding-class/
2020-07-18 18:50:26.673 | INFO     | __main__:run:128 - [SUCCESS] https://www.gsbankmall.com/index.php/Wap/index/userhome.html
2020-07-18 18:51:11.413 | INFO     | __main__:run:128 - [SUCCESS] https://class.hujiang.com/
2020-07-18 18:52:11.544 | INFO     | __main__:run:128 - [SUCCESS] https://www.story-mark.com/login/code
2020-07-18 18:52:43.789 | INFO     | __main__:run:128 - [SUCCESS] http://www.zgtzmls.com/Home/User/reg.html
2020-07-18 18:53:56.881 | INFO     | __main__:run:128 - [SUCCESS] http://passport.360eol.com/pc/passwordOrCodeLogin?from=http%3A%2F%2Fnanjing.360loushi.com%2F&appId=AOqn8WGeXHGZN23dF
2020-07-18 18:54:39.375 | INFO     | __main__:run:128 - [SUCCESS] http://www.hellotom-edu.com/470
2020-07-18 18:54:39.382 | INFO     | __main__:run:135 - [ERROR] https://wse.com.cn/zh/register/
2020-07-18 18:55:32.718 | INFO     | __main__:run:128 - [SUCCESS] http://www.sxxxpx.cn/mba/wps/p/002QG/
2020-07-18 18:55:32.727 | INFO     | __main__:run:135 - [ERROR] https://www.xxsy.net/Reg
2020-07-18 18:56:15.325 | INFO     | __main__:run:128 - [SUCCESS] http://xa.ui.tedu.cn/baiduuipc/zh
2020-07-18 18:57:16.870 | INFO     | __main__:run:128 - [SUCCESS] http://zs.jiameng.com/goJmPriceBoard2.html
2020-07-18 18:57:16.877 | INFO     | __main__:run:135 - [ERROR] https://www.vipjr.com/
2020-07-18 18:57:47.678 | INFO     | __main__:run:128 - [SUCCESS] https://www.qinxue365.com/business/388.html
2020-07-18 18:58:32.194 | INFO     | __main__:run:128 - [SUCCESS] https://passport.58.com/reg/
2020-07-18 18:59:43.572 | INFO     | __main__:run:128 - [SUCCESS] http://baiduloushi.com/plus/view.php?aid=653
2020-07-18 19:00:23.682 | INFO     | __main__:run:128 - [SUCCESS] https://www.xxsy.net/Reg
2020-07-18 19:00:48.714 | INFO     | __main__:run:128 - [SUCCESS] https://ims.pinduoduo.com/plus/
2020-07-18 19:01:14.867 | INFO     | __main__:run:128 - [SUCCESS] http://reg.timemm.com/user/register
2020-07-18 19:01:34.695 | INFO     | __main__:run:128 - [SUCCESS] https://passport.58.com/reg/
2020-07-18 19:02:30.495 | INFO     | __main__:run:128 - [SUCCESS] http://reg.timemm.com/user/register
2020-07-18 19:02:52.128 | INFO     | __main__:run:135 - [ERROR] http://fd1.qinxue100.com/index.html
2020-07-18 19:03:39.499 | INFO     | __main__:run:128 - [SUCCESS] http://www.kgc.cn/zhuanti/cpjh_pc.shtml
2020-07-18 19:04:10.815 | INFO     | __main__:run:128 - [SUCCESS] http://www.bole.com/registerPage
2020-07-18 19:05:10.828 | INFO     | __main__:run:133 - [ERROR] https://www.zhangmen.com/lp/sem
2020-07-18 19:05:44.037 | INFO     | __main__:run:128 - [SUCCESS] http://www.qianlima.com/new/keywordzhuolu_invite.jsp
2020-07-18 19:06:13.856 | INFO     | __main__:run:128 - [SUCCESS] https://sso.kuaidi100.com/sso/reg.jsp
2020-07-18 19:07:24.089 | INFO     | __main__:run:128 - [SUCCESS] https://shenzhen.dyrs.com.cn/
2020-07-18 19:08:24.102 | INFO     | __main__:run:133 - [ERROR] http://www.cctvqcxq.com/
2020-07-18 19:09:07.340 | INFO     | __main__:run:128 - [SUCCESS] https://www.gsbankmall.com/index.php/Wap/index/userhome.html
2020-07-18 19:10:13.921 | INFO     | __main__:run:128 - [SUCCESS] https://zt.xueersi.com/zaixian/pc-zhu-tiyanke/index.html
2020-07-18 19:11:07.359 | INFO     | __main__:run:128 - [SUCCESS] http://v.huatu.com/newUser/reg.php
2020-07-18 19:11:35.561 | INFO     | __main__:run:128 - [SUCCESS] http://www.51talk.com/landing/bdpz1_087737.html
2020-07-18 19:11:35.568 | INFO     | __main__:run:135 - [ERROR] https://2car.haval.com.cn/quicklogin
2020-07-18 19:12:19.721 | INFO     | __main__:run:128 - [SUCCESS] https://adm.youyucode.com/appointment.html?source=n1
2020-07-18 19:13:03.111 | INFO     | __main__:run:128 - [SUCCESS] https://www.zhangmen.com/lp/sem
2020-07-18 19:13:18.912 | INFO     | __main__:run:128 - [SUCCESS] https://www.znds.com/member.php?mod=zndscomregister
2020-07-18 19:13:29.766 | INFO     | __main__:run:135 - [ERROR] https://account.xiaomi.com/pass/serviceLogin
2020-07-18 19:13:56.178 | INFO     | __main__:run:128 - [SUCCESS] https://www.magaoedu.com/
2020-07-18 19:13:56.185 | INFO     | __main__:run:135 - [ERROR] https://wse.com.cn/zh/register/
2020-07-18 19:14:44.295 | INFO     | __main__:run:128 - [SUCCESS] https://www.xxsy.net/Reg
2020-07-18 19:15:12.554 | INFO     | __main__:run:128 - [SUCCESS] https://www.ququabc.com/offlinep.htm
2020-07-18 19:15:12.560 | INFO     | __main__:run:135 - [ERROR] https://www.vipjr.com/
2020-07-18 19:15:36.981 | INFO     | __main__:run:128 - [SUCCESS] http://www.qianlima.com/new/keywordzhuolu_invite.jsp
2020-07-18 19:15:48.932 | INFO     | __main__:run:135 - [ERROR] http://user.tcl.com/proxy/login
2020-07-18 19:16:03.959 | INFO     | __main__:run:128 - [SUCCESS] http://wap.gbhui.com/captcha_login.html
2020-07-18 19:16:35.336 | INFO     | __main__:run:128 - [SUCCESS] http://www.gemstonecn.com/consociation.php
2020-07-18 19:17:13.256 | INFO     | __main__:run:128 - [SUCCESS] http://www.ubxedu.com/course/
2020-07-18 19:17:18.880 | INFO     | __main__:run:135 - [ERROR] https://sso.kuaidi100.com/sso/authorize.do
2020-07-18 19:18:07.771 | INFO     | __main__:run:128 - [SUCCESS] https://www.vipjr.com/
2020-07-18 19:19:02.073 | INFO     | __main__:run:128 - [SUCCESS] https://www.znds.com/member.php?mod=zndscomregister
2020-07-18 19:19:48.204 | INFO     | __main__:run:128 - [SUCCESS] http://bj.xtuan.com/zhuangxiu/
2020-07-18 19:20:49.629 | INFO     | __main__:run:128 - [SUCCESS] http://reg.timemm.com/user/register
2020-07-18 19:21:15.915 | INFO     | __main__:run:128 - [SUCCESS] https://account.geekbang.org/infoq/signup?redirect=https%3A%2F%2Fwww.infoq.cn%2Farticle%2FLZE%2aob52bASspjYu4c6Z
2020-07-18 19:21:36.759 | INFO     | __main__:run:128 - [SUCCESS] http://beijing.zhuangxiuyizu.cn/
2020-07-18 19:21:56.256 | INFO     | __main__:run:128 - [SUCCESS] https://class.hujiang.com/
2020-07-18 19:23:01.666 | INFO     | __main__:run:128 - [SUCCESS] https://www.znds.com/member.php?mod=zndscomregister
2020-07-18 19:23:49.837 | INFO     | __main__:run:128 - [SUCCESS] https://accounts.douban.com/passport/login?source=book
2020-07-18 19:24:49.245 | INFO     | __main__:run:128 - [SUCCESS] https://class.hujiang.com/
2020-07-18 19:25:51.506 | INFO     | __main__:run:128 - [SUCCESS] https://tj.ikongjian.com/reservation/index
2020-07-18 19:26:41.385 | INFO     | __main__:run:128 - [SUCCESS] https://login.51job.com/login.php?isjump=0&loginway=1&lang=c&from_domain=i&url=
2020-07-18 19:27:12.440 | INFO     | __main__:run:128 - [SUCCESS] https://sso.kuaidi100.com/sso/reg.jsp
2020-07-18 19:27:38.876 | INFO     | __main__:run:128 - [SUCCESS] https://www.jia.com/zx/other/semtf/
2020-07-18 19:29:18.226 | INFO     | __main__:run:128 - [SUCCESS] http://www.unclesamedu.com/index.php
2020-07-18 19:30:10.630 | INFO     | __main__:run:128 - [SUCCESS] http://v.huatu.com/newUser/reg.php
2020-07-18 19:31:26.836 | INFO     | __main__:run:128 - [SUCCESS] https://sso.kuaidi100.com/sso/reg.jsp
2020-07-18 19:31:55.427 | INFO     | __main__:run:128 - [SUCCESS] http://wap.gbhui.com/captcha_login.html
2020-07-18 19:32:05.135 | INFO     | __main__:run:135 - [ERROR] https://account.xiaomi.com/pass/serviceLogin
2020-07-18 19:33:40.214 | INFO     | __main__:run:128 - [SUCCESS] https://www.nicekid.com/register/nicekid-biteabc
2020-07-18 19:33:49.183 | INFO     | __main__:run:135 - [ERROR] http://user.tcl.com/proxy/login
2020-07-18 19:35:05.810 | INFO     | __main__:run:128 - [SUCCESS] https://wse.com.cn/zh/register/
2020-07-18 19:35:17.494 | INFO     | __main__:run:135 - [ERROR] https://www.to8to.com/yezhu/
2020-07-18 19:35:35.189 | INFO     | __main__:run:128 - [SUCCESS] https://zt.xueersi.com/zaixian/pc-zhu-tiyanke/index.html
2020-07-18 19:36:24.338 | INFO     | __main__:run:128 - [SUCCESS] https://ims.pinduoduo.com/plus/
2020-07-18 19:37:10.588 | INFO     | __main__:run:128 - [SUCCESS] https://www.gsbankmall.com/index.php/Wap/index/userhome.html
2020-07-18 19:37:49.051 | INFO     | __main__:run:128 - [SUCCESS] http://v.huatu.com/newUser/reg.php
2020-07-18 19:38:28.472 | INFO     | __main__:run:128 - [SUCCESS] https://www.story-mark.com/login/code
2020-07-18 19:38:41.041 | INFO     | __main__:run:128 - [SUCCESS] https://2car.haval.com.cn/quicklogin
2020-07-18 19:39:35.778 | INFO     | __main__:run:128 - [SUCCESS] http://passport.360eol.com/pc/passwordOrCodeLogin?from=http%3A%2F%2Fnanjing.360loushi.com%2F&appId=AOqn8WGeXHGZN23dF
2020-07-18 19:39:46.054 | INFO     | __main__:run:135 - [ERROR] https://account.xiaomi.com/pass/serviceLogin
2020-07-18 19:40:20.104 | INFO     | __main__:run:128 - [SUCCESS] https://2car.haval.com.cn/quicklogin
2020-07-18 19:41:29.666 | INFO     | __main__:run:128 - [SUCCESS] https://all-dream.com/
2020-07-18 19:42:21.718 | INFO     | __main__:run:128 - [SUCCESS] https://user.mihoyo.com/#/register/mobile?cb_route=%2Faccount%2Fhome
2020-07-18 19:43:32.372 | INFO     | __main__:run:128 - [SUCCESS] https://www.zhangmen.com/lp/sem
2020-07-18 19:44:39.346 | INFO     | __main__:run:128 - [SUCCESS] http://www.51talk.com/landing/bdpz1_087737.html
2020-07-18 19:44:39.353 | INFO     | __main__:run:135 - [ERROR] https://hi.codemao.cn/v2
2020-07-18 19:44:50.197 | INFO     | __main__:run:135 - [ERROR] http://user.tcl.com/proxy/login
2020-07-18 19:45:44.660 | INFO     | __main__:run:128 - [SUCCESS] https://user.mihoyo.com/#/register/mobile?cb_route=%2Faccount%2Fhome
2020-07-18 19:46:18.226 | INFO     | __main__:run:128 - [SUCCESS] https://www.story-mark.com/login/code
2020-07-18 19:46:28.529 | INFO     | __main__:run:135 - [ERROR] https://adm.youyucode.com/appointment.html?source=n1
2020-07-18 19:47:18.043 | INFO     | __main__:run:128 - [SUCCESS] http://www.51talk.com/landing/bdpz1_087737.html
2020-07-18 19:47:18.049 | INFO     | __main__:run:135 - [ERROR] https://www.ef.com.cn/englishfirst/kids/
2020-07-18 19:48:10.816 | INFO     | __main__:run:128 - [SUCCESS] http://www.zgtzmls.com/Home/User/reg.html
2020-07-18 19:48:49.920 | INFO     | __main__:run:128 - [SUCCESS] https://sso.kuaidi100.com/sso/authorize.do
2020-07-18 19:53:19.368 | INFO     | __main__:run:135 - [ERROR] https://www.to8to.com/yezhu/
2020-07-18 19:53:40.707 | INFO     | __main__:run:128 - [SUCCESS] https://www.story-mark.com/login/code
2020-07-18 19:55:27.504 | INFO     | __main__:run:128 - [SUCCESS] http://learning.learningedu.com.cn/
2020-07-18 19:56:26.078 | INFO     | __main__:run:128 - [SUCCESS] https://www.nicekid.com/register/nicekid-biteabc
2020-07-18 19:56:57.567 | INFO     | __main__:run:128 - [SUCCESS] http://wap.gbhui.com/captcha_login.html
2020-07-18 19:57:56.211 | INFO     | __main__:run:128 - [SUCCESS] http://reg.timemm.com/user/register
2020-07-18 19:58:31.423 | INFO     | __main__:run:128 - [SUCCESS] http://v.huatu.com/newUser/reg.php
2020-07-18 19:59:36.671 | INFO     | __main__:run:128 - [SUCCESS] https://sso.kuaidi100.com/sso/authorize.do
2020-07-18 20:00:31.356 | INFO     | __main__:run:128 - [SUCCESS] https://www.xxsy.net/Reg
2020-07-18 20:00:52.766 | INFO     | __main__:run:128 - [SUCCESS] https://www.ququabc.com/offlinep.htm
2020-07-18 20:00:52.771 | INFO     | __main__:run:135 - [ERROR] https://passport.58.com/reg/
2020-07-18 20:01:52.782 | INFO     | __main__:run:133 - [ERROR] https://wse.com.cn/zh/register/
2020-07-18 20:02:56.684 | INFO     | __main__:run:128 - [SUCCESS] https://www.nicekid.com/register/nicekid-biteabc
2020-07-18 20:03:33.084 | INFO     | __main__:run:128 - [SUCCESS] https://passport.58.com/reg/
2020-07-18 20:03:57.893 | INFO     | __main__:run:128 - [SUCCESS] http://www.51talk.com/landing/bdpz1_087737.html
2020-07-18 20:03:57.900 | INFO     | __main__:run:135 - [ERROR] https://account.xiaomi.com/pass/serviceLogin
2020-07-18 20:04:36.402 | INFO     | __main__:run:128 - [SUCCESS] https://tj.ikongjian.com/reservation/index
2020-07-18 20:04:46.220 | INFO     | __main__:run:135 - [ERROR] http://user.tcl.com/proxy/login
2020-07-18 20:06:05.326 | INFO     | __main__:run:128 - [SUCCESS] https://www.jianshu.com/users/password/mobile_reset
2020-07-18 20:06:42.456 | INFO     | __main__:run:128 - [SUCCESS] http://beijing.zhuangxiuyizu.cn/
2020-07-18 20:07:29.193 | INFO     | __main__:run:128 - [SUCCESS] https://accounts.douban.com/passport/login?source=book
2020-07-18 20:08:29.205 | INFO     | __main__:run:133 - [ERROR] https://all-dream.com/
2020-07-18 20:09:29.218 | INFO     | __main__:run:133 - [ERROR] https://www.idayu.cn/
2020-07-18 20:09:52.812 | INFO     | __main__:run:128 - [SUCCESS] https://www.gsbankmall.com/index.php/Wap/index/userhome.html
2020-07-18 20:10:22.857 | INFO     | __main__:run:128 - [SUCCESS] http://reg.timemm.com/user/register
2020-07-18 20:11:19.607 | INFO     | __main__:run:128 - [SUCCESS] https://sso.kuaidi100.com/sso/reg.jsp
2020-07-18 20:13:41.729 | INFO     | __main__:run:128 - [SUCCESS] http://v.huatu.com/newUser/reg.php
2020-07-18 20:13:57.129 | INFO     | __main__:run:128 - [SUCCESS] https://www.qinxue365.com/business/388.html
2020-07-18 20:15:09.538 | INFO     | __main__:run:128 - [SUCCESS] https://www.xxsy.net/Reg
2020-07-18 20:15:10.378 | INFO     | __main__:run:135 - [ERROR] http://www.sh-juyun.com/
2020-07-18 20:15:26.244 | INFO     | __main__:run:135 - [ERROR] http://fd1.qinxue100.com/index.html
2020-07-18 20:15:29.980 | INFO     | __main__:run:135 - [ERROR] https://ims.pinduoduo.com/plus/
2020-07-18 20:16:19.750 | INFO     | __main__:run:128 - [SUCCESS] https://class.hujiang.com/
2020-07-18 20:16:45.030 | INFO     | __main__:run:128 - [SUCCESS] http://www.ubxedu.com/course/
2020-07-18 20:17:11.184 | INFO     | __main__:run:128 - [SUCCESS] http://www.beimu.com/school/
2020-07-18 20:17:33.302 | INFO     | __main__:run:128 - [SUCCESS] http://baiduloushi.com/plus/view.php?aid=653
2020-07-18 20:17:33.308 | INFO     | __main__:run:135 - [ERROR] http://www.onlychild.cn/
2020-07-18 20:18:24.224 | INFO     | __main__:run:128 - [SUCCESS] https://www.liuxue86.com/
2020-07-18 20:19:23.116 | INFO     | __main__:run:128 - [SUCCESS] http://wap.gbhui.com/captcha_login.html
2020-07-18 20:20:23.130 | INFO     | __main__:run:133 - [ERROR] https://wse.com.cn/zh/register/
2020-07-18 20:20:49.125 | INFO     | __main__:run:128 - [SUCCESS] http://reg.timemm.com/user/register
2020-07-18 20:22:02.879 | INFO     | __main__:run:128 - [SUCCESS] http://wap.gbhui.com/captcha_login.html
2020-07-18 20:22:51.230 | INFO     | __main__:run:128 - [SUCCESS] https://www.znds.com/member.php?mod=zndscomregister
2020-07-18 20:23:02.916 | INFO     | __main__:run:135 - [ERROR] https://account.xiaomi.com/pass/serviceLogin
2020-07-18 20:23:41.626 | INFO     | __main__:run:128 - [SUCCESS] http://passport.360eol.com/pc/passwordOrCodeLogin?from=http%3A%2F%2Fnanjing.360loushi.com%2F&appId=AOqn8WGeXHGZN23dF
2020-07-18 20:24:45.419 | INFO     | __main__:run:128 - [SUCCESS] https://www.story-mark.com/login/code
2020-07-18 20:25:17.859 | INFO     | __main__:run:128 - [SUCCESS] https://class.hujiang.com/
2020-07-18 20:26:12.831 | INFO     | __main__:run:128 - [SUCCESS] https://www.nicekid.com/register/nicekid-biteabc
2020-07-18 20:27:18.151 | INFO     | __main__:run:128 - [SUCCESS] https://www.vipjr.com/
2020-07-18 20:28:18.162 | INFO     | __main__:run:133 - [ERROR] https://wse.com.cn/zh/register/
2020-07-18 20:28:50.220 | INFO     | __main__:run:128 - [SUCCESS] https://user.mihoyo.com/#/register/mobile?cb_route=%2Faccount%2Fhome
2020-07-18 20:29:13.624 | INFO     | __main__:run:128 - [SUCCESS] https://2car.haval.com.cn/quicklogin
2020-07-18 20:30:05.194 | INFO     | __main__:run:128 - [SUCCESS] http://www.sxxxpx.cn/mba/wps/p/002QG/
2020-07-18 20:30:05.203 | INFO     | __main__:run:135 - [ERROR] https://2car.haval.com.cn/quicklogin
2020-07-18 20:30:22.894 | INFO     | __main__:run:128 - [SUCCESS] http://www.51talk.com/landing/bdpz1_087737.html
2020-07-18 20:30:22.900 | INFO     | __main__:run:135 - [ERROR] https://passport.58.com/reg/
2020-07-18 20:30:53.498 | INFO     | __main__:run:128 - [SUCCESS] https://adm.youyucode.com/appointment.html?source=n1
2020-07-18 20:31:26.468 | INFO     | __main__:run:135 - [ERROR] https://hi.codemao.cn/v2
2020-07-18 20:32:17.023 | INFO     | __main__:run:128 - [SUCCESS] https://account.geekbang.org/infoq/signup?redirect=https%3A%2F%2Fwww.infoq.cn%2Farticle%2FLZE%2aob52bASspjYu4c6Z
2020-07-18 20:32:18.594 | INFO     | __main__:run:135 - [ERROR] http://www.bole.com/registerPage
2020-07-18 20:32:47.339 | INFO     | __main__:run:128 - [SUCCESS] https://class.hujiang.com/
2020-07-18 20:32:59.790 | INFO     | __main__:run:135 - [ERROR] https://adm.youyucode.com/appointment.html?source=n1
2020-07-18 20:34:03.990 | INFO     | __main__:run:128 - [SUCCESS] https://www.jianshu.com/users/password/mobile_reset
2020-07-18 20:34:41.293 | INFO     | __main__:run:128 - [SUCCESS] http://www.gemstonecn.com/consociation.php
2020-07-18 20:35:23.683 | INFO     | __main__:run:128 - [SUCCESS] http://passport.360eol.com/pc/passwordOrCodeLogin?from=http%3A%2F%2Fnanjing.360loushi.com%2F&appId=AOqn8WGeXHGZN23dF
2020-07-18 20:35:51.586 | INFO     | __main__:run:135 - [ERROR] https://sso.kuaidi100.com/sso/authorize.do
2020-07-18 20:36:47.144 | INFO     | __main__:run:128 - [SUCCESS] https://www.ef.com.cn/englishfirst/kids/
2020-07-18 20:38:00.190 | INFO     | __main__:run:128 - [SUCCESS] https://www.znds.com/member.php?mod=zndscomregister
2020-07-18 20:38:09.835 | INFO     | __main__:run:135 - [ERROR] http://user.tcl.com/proxy/login
2020-07-18 20:39:09.845 | INFO     | __main__:run:133 - [ERROR] http://www.cctvqcxq.com/
2020-07-18 20:39:13.451 | INFO     | __main__:run:135 - [ERROR] https://www.vipjr.com/
2020-07-18 20:39:31.977 | INFO     | __main__:run:128 - [SUCCESS] https://accounts.douban.com/passport/login?source=book
2020-07-18 20:39:33.853 | INFO     | __main__:run:135 - [ERROR] https://login.51job.com/login.php?isjump=0&loginway=1&lang=c&from_domain=i&url=
2020-07-18 20:39:49.779 | INFO     | __main__:run:128 - [SUCCESS] http://passport.360eol.com/pc/passwordOrCodeLogin?from=http%3A%2F%2Fnanjing.360loushi.com%2F&appId=AOqn8WGeXHGZN23dF
2020-07-18 20:40:44.150 | INFO     | __main__:run:128 - [SUCCESS] https://www.gsbankmall.com/index.php/Wap/index/userhome.html
2020-07-18 20:41:10.329 | INFO     | __main__:run:128 - [SUCCESS] http://www.kgc.cn/zhuanti/cpjh_pc.shtml
2020-07-18 20:42:13.424 | INFO     | __main__:run:128 - [SUCCESS] http://www.51talk.com/landing/bdpz1_087737.html
2020-07-18 20:42:13.431 | INFO     | __main__:run:135 - [ERROR] http://www.qianlima.com/new/keywordzhuolu_invite.jsp
2020-07-18 20:43:00.643 | INFO     | __main__:run:128 - [SUCCESS] https://www.story-mark.com/login/code
2020-07-18 20:44:06.568 | INFO     | __main__:run:128 - [SUCCESS] http://bj.xtuan.com/zhuangxiu/
2020-07-18 20:45:22.260 | INFO     | __main__:run:128 - [SUCCESS] https://www.znds.com/member.php?mod=zndscomregister
2020-07-18 20:46:42.060 | INFO     | __main__:run:128 - [SUCCESS] http://zs.jiameng.com/goJmPriceBoard2.html
2020-07-18 20:46:42.063 | INFO     | __main__:run:135 - [ERROR] http://www.zgtzmls.com/Home/User/reg.html
2020-07-18 20:47:54.532 | INFO     | __main__:run:128 - [SUCCESS] http://v.huatu.com/newUser/reg.php
2020-07-18 20:48:54.544 | INFO     | __main__:run:133 - [ERROR] https://account.geekbang.org/infoq/signup?redirect=https%3A%2F%2Fwww.infoq.cn%2Farticle%2FLZE%2aob52bASspjYu4c6Z
2020-07-18 20:49:09.882 | INFO     | __main__:run:135 - [ERROR] https://zt.xueersi.com/zaixian/pc-zhu-tiyanke/index.html
2020-07-18 20:49:36.608 | INFO     | __main__:run:128 - [SUCCESS] https://accounts.douban.com/passport/login?source=book
2020-07-18 20:50:09.646 | INFO     | __main__:run:135 - [ERROR] https://hi.codemao.cn/v2
2020-07-18 20:51:03.432 | INFO     | __main__:run:128 - [SUCCESS] http://www.qianlima.com/new/keywordzhuolu_invite.jsp
2020-07-18 20:51:13.893 | INFO     | __main__:run:135 - [ERROR] http://user.tcl.com/proxy/login
2020-07-18 20:51:27.384 | INFO     | __main__:run:135 - [ERROR] https://zt.xueersi.com/zaixian/pc-zhu-tiyanke/index.html
2020-07-18 20:51:28.861 | INFO     | __main__:run:135 - [ERROR] https://login.51job.com/login.php?isjump=0&loginway=1&lang=c&from_domain=i&url=
2020-07-18 20:52:21.017 | INFO     | __main__:run:128 - [SUCCESS] http://www.zgtzmls.com/Home/User/reg.html
2020-07-18 20:53:04.813 | INFO     | __main__:run:128 - [SUCCESS] https://qy.thea.cn/
2020-07-18 20:53:04.820 | INFO     | __main__:run:135 - [ERROR] http://www9.53kf.com/webCompany.php?arg=10135712&style=4
2020-07-18 20:54:04.833 | INFO     | __main__:run:133 - [ERROR] https://www.zhangmen.com/lp/sem
2020-07-18 20:54:25.784 | INFO     | __main__:run:128 - [SUCCESS] https://www.jia.com/zx/other/semtf/
2020-07-18 20:54:37.076 | INFO     | __main__:run:128 - [SUCCESS] https://www.xxsy.net/Reg
2020-07-18 20:56:12.660 | INFO     | __main__:run:128 - [SUCCESS] http://www.hellotom-edu.com/470
2020-07-18 20:56:12.668 | INFO     | __main__:run:135 - [ERROR] https://ims.pinduoduo.com/plus/
2020-07-18 20:57:12.530 | INFO     | __main__:run:128 - [SUCCESS] https://ims.pinduoduo.com/plus/
2020-07-18 20:57:37.851 | INFO     | __main__:run:128 - [SUCCESS] http://xw7c8v4rx7ajxxvj.mikecrm.com/kiMGSiQ
2020-07-18 20:58:51.447 | INFO     | __main__:run:128 - [SUCCESS] https://www.magaoedu.com/
2020-07-18 20:58:51.453 | INFO     | __main__:run:135 - [ERROR] http://www.zgtzmls.com/Home/User/reg.html
2020-07-18 20:59:22.475 | INFO     | __main__:run:128 - [SUCCESS] https://user.mihoyo.com/#/register/mobile?cb_route=%2Faccount%2Fhome
2020-07-18 21:00:24.416 | INFO     | __main__:run:128 - [SUCCESS] https://www.gsbankmall.com/index.php/Wap/index/userhome.html
2020-07-18 21:00:56.451 | INFO     | __main__:run:128 - [SUCCESS] http://www.qianlima.com/new/keywordzhuolu_invite.jsp
2020-07-18 21:00:57.917 | INFO     | __main__:run:135 - [ERROR] https://login.51job.com/login.php?isjump=0&loginway=1&lang=c&from_domain=i&url=
2020-07-18 21:01:11.010 | INFO     | __main__:run:135 - [ERROR] https://zt.xueersi.com/zaixian/pc-zhu-tiyanke/index.html
2020-07-18 21:01:48.688 | INFO     | __main__:run:128 - [SUCCESS] http://xa.ui.tedu.cn/baiduuipc/zh
2020-07-18 21:02:48.698 | INFO     | __main__:run:133 - [ERROR] https://www.zhangmen.com/lp/sem
2020-07-18 21:03:15.402 | INFO     | __main__:run:128 - [SUCCESS] https://2car.haval.com.cn/quicklogin
2020-07-18 21:03:42.034 | INFO     | __main__:run:128 - [SUCCESS] https://account.geekbang.org/infoq/signup?redirect=https%3A%2F%2Fwww.infoq.cn%2Farticle%2FLZE%2aob52bASspjYu4c6Z
2020-07-18 21:05:14.864 | INFO     | __main__:run:128 - [SUCCESS] https://www.vipjr.com/
2020-07-18 21:06:18.307 | INFO     | __main__:run:128 - [SUCCESS] https://user.mihoyo.com/#/register/mobile?cb_route=%2Faccount%2Fhome
2020-07-18 21:06:51.980 | INFO     | __main__:run:128 - [SUCCESS] https://sso.kuaidi100.com/sso/reg.jsp
2020-07-18 21:07:47.465 | INFO     | __main__:run:128 - [SUCCESS] https://adm.youyucode.com/appointment.html?source=n1
2020-07-18 21:08:26.458 | INFO     | __main__:run:128 - [SUCCESS] https://sso.kuaidi100.com/sso/authorize.do
2020-07-18 21:08:37.482 | INFO     | __main__:run:135 - [ERROR] https://account.xiaomi.com/pass/serviceLogin
2020-07-18 21:09:02.609 | INFO     | __main__:run:128 - [SUCCESS] https://www.jianshu.com/users/password/mobile_reset
2020-07-18 21:10:08.553 | INFO     | __main__:run:128 - [SUCCESS] https://shenzhen.dyrs.com.cn/
2020-07-18 21:10:49.934 | INFO     | __main__:run:128 - [SUCCESS] https://sso.kuaidi100.com/sso/reg.jsp
2020-07-18 21:25:20.574 | INFO     | __main__:run:128 - [SUCCESS] https://www.gsbankmall.com/index.php/Wap/index/userhome.html
2020-07-18 21:25:34.206 | INFO     | __main__:run:135 - [ERROR] https://class.hujiang.com/
2020-07-18 21:25:35.959 | INFO     | __main__:run:135 - [ERROR] https://login.51job.com/login.php?isjump=0&loginway=1&lang=c&from_domain=i&url=
2020-07-18 21:26:13.795 | INFO     | __main__:run:128 - [SUCCESS] https://www.ququabc.com/offlinep.htm
2020-07-18 21:26:13.801 | INFO     | __main__:run:135 - [ERROR] https://sso.kuaidi100.com/sso/reg.jsp
2020-07-18 21:26:27.939 | INFO     | __main__:run:128 - [SUCCESS] https://www.gsbankmall.com/index.php/Wap/index/userhome.html
2020-07-18 21:26:54.476 | INFO     | __main__:run:128 - [SUCCESS] https://adm.youyucode.com/appointment.html?source=n1
2020-07-18 21:26:56.503 | INFO     | __main__:run:135 - [ERROR] http://user.tcl.com/proxy/login
2020-07-18 21:27:50.593 | INFO     | __main__:run:128 - [SUCCESS] https://www.xxsy.net/Reg
2020-07-18 21:27:55.767 | INFO     | __main__:run:135 - [ERROR] https://www.nicekid.com/register/nicekid-biteabc
2020-07-18 21:27:56.750 | INFO     | __main__:run:135 - [ERROR] https://www.znds.com/member.php?mod=zndscomregister
2020-07-18 21:28:56.042 | INFO     | __main__:run:128 - [SUCCESS] https://2car.haval.com.cn/quicklogin
2020-07-18 21:30:19.318 | INFO     | __main__:run:128 - [SUCCESS] http://www.qianlima.com/new/keywordzhuolu_invite.jsp
2020-07-18 21:30:28.358 | INFO     | __main__:run:135 - [ERROR] https://www.story-mark.com/login/code
2020-07-18 21:30:29.752 | INFO     | __main__:run:135 - [ERROR] https://login.51job.com/login.php?isjump=0&loginway=1&lang=c&from_domain=i&url=
2020-07-18 21:31:29.762 | INFO     | __main__:run:133 - [ERROR] https://www.vipjr.com/
2020-07-18 21:31:56.140 | INFO     | __main__:run:128 - [SUCCESS] http://www.qianlima.com/new/keywordzhuolu_invite.jsp
2020-07-18 21:32:39.385 | INFO     | __main__:run:135 - [ERROR] https://www.story-mark.com/login/code
2020-07-18 21:32:56.765 | INFO     | __main__:run:128 - [SUCCESS] http://www.zgtzmls.com/Home/User/reg.html
2020-07-18 21:33:09.735 | INFO     | __main__:run:135 - [ERROR] http://reg.timemm.com/user/register
2020-07-18 21:33:11.087 | INFO     | __main__:run:135 - [ERROR] https://www.to8to.com/yezhu/
2020-07-18 21:33:17.247 | INFO     | __main__:run:135 - [ERROR] https://accounts.douban.com/passport/login?source=book
2020-07-18 21:33:29.672 | INFO     | __main__:run:135 - [ERROR] https://class.hujiang.com/
2020-07-18 21:33:39.937 | INFO     | __main__:run:135 - [ERROR] http://reg.timemm.com/user/register
2020-07-18 21:34:02.339 | INFO     | __main__:run:128 - [SUCCESS] http://baiduloushi.com/plus/view.php?aid=653
2020-07-18 21:34:02.342 | INFO     | __main__:run:135 - [ERROR] https://accounts.douban.com/passport/login?source=book
2020-07-18 21:34:12.493 | INFO     | __main__:run:135 - [ERROR] http://www.ubxedu.com/course/
2020-07-18 21:35:01.368 | INFO     | __main__:run:128 - [SUCCESS] http://v.huatu.com/newUser/reg.php
2020-07-18 21:36:01.375 | INFO     | __main__:run:133 - [ERROR] https://account.geekbang.org/infoq/signup?redirect=https%3A%2F%2Fwww.infoq.cn%2Farticle%2FLZE%2aob52bASspjYu4c6Z
2020-07-18 21:37:10.097 | INFO     | __main__:run:128 - [SUCCESS] https://zt.xueersi.com/zaixian/pc-zhu-tiyanke/index.html
2020-07-18 21:37:23.862 | INFO     | __main__:run:128 - [SUCCESS] https://passport.58.com/reg/
2020-07-18 21:37:34.350 | INFO     | __main__:run:135 - [ERROR] https://account.xiaomi.com/pass/serviceLogin
2020-07-18 21:38:40.868 | INFO     | __main__:run:128 - [SUCCESS] http://www.hellotom-edu.com/470
2020-07-18 21:38:40.871 | INFO     | __main__:run:135 - [ERROR] https://wse.com.cn/zh/register/
2020-07-18 21:39:43.637 | INFO     | __main__:run:128 - [SUCCESS] https://zt.xueersi.com/zaixian/pc-zhu-tiyanke/index.html
2020-07-18 21:40:34.618 | INFO     | __main__:run:128 - [SUCCESS] https://sso.kuaidi100.com/sso/authorize.do
2020-07-18 21:41:08.283 | INFO     | __main__:run:128 - [SUCCESS] http://v.huatu.com/newUser/reg.php
2020-07-18 21:41:19.626 | INFO     | __main__:run:135 - [ERROR] https://www.story-mark.com/login/code
2020-07-18 21:42:01.191 | INFO     | __main__:run:128 - [SUCCESS] http://xw7c8v4rx7ajxxvj.mikecrm.com/kiMGSiQ
2020-07-18 21:42:23.684 | INFO     | __main__:run:135 - [ERROR] https://hi.codemao.cn/v2
2020-07-18 21:43:06.618 | INFO     | __main__:run:128 - [SUCCESS] http://www.sxxxpx.cn/mba/wps/p/002QG/
2020-07-18 21:43:06.625 | INFO     | __main__:run:135 - [ERROR] https://hi.codemao.cn/v2
2020-07-18 21:43:49.580 | INFO     | __main__:run:128 - [SUCCESS] http://www.zgtzmls.com/Home/User/reg.html
2020-07-18 21:44:04.887 | INFO     | __main__:run:135 - [ERROR] http://fd1.qinxue100.com/index.html
2020-07-18 21:45:23.587 | INFO     | __main__:run:128 - [SUCCESS] https://sso.kuaidi100.com/sso/reg.jsp
2020-07-18 21:45:24.380 | INFO     | __main__:run:135 - [ERROR] http://passport.360eol.com/pc/passwordOrCodeLogin?from=http%3A%2F%2Fnanjing.360loushi.com%2F&appId=AOqn8WGeXHGZN23dF
2020-07-18 21:45:26.473 | INFO     | __main__:run:135 - [ERROR] http://user.tcl.com/proxy/login
2020-07-18 21:46:29.246 | INFO     | __main__:run:128 - [SUCCESS] https://passport.58.com/reg/
2020-07-18 21:47:43.459 | INFO     | __main__:run:128 - [SUCCESS] https://www.magaoedu.com/
2020-07-18 21:48:47.552 | INFO     | __main__:run:128 - [SUCCESS] https://user.mihoyo.com/#/register/mobile?cb_route=%2Faccount%2Fhome
2020-07-18 21:48:52.762 | INFO     | __main__:run:135 - [ERROR] https://all-dream.com/
2020-07-18 21:50:01.811 | INFO     | __main__:run:128 - [SUCCESS] http://www.cctvqcxq.com/
2020-07-18 21:50:01.817 | INFO     | __main__:run:135 - [ERROR] https://www.idayu.cn/
2020-07-18 21:50:16.433 | INFO     | __main__:run:135 - [ERROR] http://beijing.zhuangxiuyizu.cn/
2020-07-18 21:51:24.417 | INFO     | __main__:run:128 - [SUCCESS] http://www.zgtzmls.com/Home/User/reg.html
2020-07-18 21:51:24.839 | INFO     | __main__:run:135 - [ERROR] http://passport.360eol.com/pc/passwordOrCodeLogin?from=http%3A%2F%2Fnanjing.360loushi.com%2F&appId=AOqn8WGeXHGZN23dF
2020-07-18 21:52:15.773 | INFO     | __main__:run:128 - [SUCCESS] https://www.xxsy.net/Reg
2020-07-18 21:53:16.359 | INFO     | __main__:run:128 - [SUCCESS] http://www.qianlima.com/new/keywordzhuolu_invite.jsp
2020-07-18 21:53:55.653 | INFO     | __main__:run:135 - [ERROR] https://www.nicekid.com/register/nicekid-biteabc
2020-07-18 21:55:30.151 | INFO     | __main__:run:128 - [SUCCESS] https://www.zhangmen.com/lp/sem
2020-07-18 21:56:47.027 | INFO     | __main__:run:128 - [SUCCESS] http://www.51talk.com/landing/bdpz1_087737.html
2020-07-18 21:56:47.030 | INFO     | __main__:run:135 - [ERROR] https://ims.pinduoduo.com/plus/
2020-07-18 21:56:55.742 | INFO     | __main__:run:135 - [ERROR] http://reg.timemm.com/user/register
2020-07-18 21:57:44.478 | INFO     | __main__:run:128 - [SUCCESS] https://www.gsbankmall.com/index.php/Wap/index/userhome.html
2020-07-18 21:58:44.487 | INFO     | __main__:run:133 - [ERROR] http://www.sh-juyun.com/
2020-07-18 21:59:51.210 | INFO     | __main__:run:128 - [SUCCESS] https://user.mihoyo.com/#/register/mobile?cb_route=%2Faccount%2Fhome
2020-07-18 22:00:01.705 | INFO     | __main__:run:135 - [ERROR] https://adm.youyucode.com/appointment.html?source=n1
2020-07-18 22:00:12.094 | INFO     | __main__:run:135 - [ERROR] https://account.xiaomi.com/pass/serviceLogin
2020-07-18 22:00:48.529 | INFO     | __main__:run:128 - [SUCCESS] https://user.mihoyo.com/#/register/mobile?cb_route=%2Faccount%2Fhome
2020-07-18 22:01:18.947 | INFO     | __main__:run:128 - [SUCCESS] https://sso.kuaidi100.com/sso/reg.jsp
2020-07-18 22:01:20.581 | INFO     | __main__:run:135 - [ERROR] http://www9.53kf.com/webCompany.php?arg=10135712&style=4
2020-07-18 22:02:10.303 | INFO     | __main__:run:128 - [SUCCESS] https://2car.haval.com.cn/quicklogin
2020-07-18 22:02:21.946 | INFO     | __main__:run:135 - [ERROR] http://bj.xtuan.com/zhuangxiu/
2020-07-18 22:02:26.594 | INFO     | __main__:run:135 - [ERROR] https://sso.kuaidi100.com/sso/authorize.do
2020-07-18 22:03:08.027 | INFO     | __main__:run:128 - [SUCCESS] https://www.jianshu.com/users/password/mobile_reset
2020-07-18 22:03:11.069 | INFO     | __main__:run:135 - [ERROR] https://www.nicekid.com/register/nicekid-biteabc
2020-07-18 22:03:59.029 | INFO     | __main__:run:128 - [SUCCESS] http://www.kgc.cn/zhuanti/cpjh_pc.shtml
2020-07-18 22:04:59.037 | INFO     | __main__:run:133 - [ERROR] https://www.vipjr.com/
2020-07-18 22:05:06.589 | INFO     | __main__:run:135 - [ERROR] https://accounts.douban.com/passport/login?source=book
2020-07-18 22:06:08.857 | INFO     | __main__:run:135 - [ERROR] https://ims.pinduoduo.com/plus/
2020-07-18 22:07:03.887 | INFO     | __main__:run:128 - [SUCCESS] https://www.zhangmen.com/lp/sem
2020-07-18 22:07:14.093 | INFO     | __main__:run:128 - [SUCCESS] http://zs.jiameng.com/goJmPriceBoard2.html
2020-07-18 22:07:14.096 | INFO     | __main__:run:135 - [ERROR] https://ims.pinduoduo.com/plus/
2020-07-18 22:07:26.700 | INFO     | __main__:run:135 - [ERROR] http://www.gemstonecn.com/consociation.php
2020-07-18 22:07:34.478 | INFO     | __main__:run:135 - [ERROR] https://www.qinxue365.com/business/388.html
2020-07-18 22:07:48.493 | INFO     | __main__:run:128 - [SUCCESS] https://passport.58.com/reg/
2020-07-18 22:08:10.848 | INFO     | __main__:run:128 - [SUCCESS] http://v.huatu.com/newUser/reg.php
2020-07-18 22:09:14.487 | INFO     | __main__:run:128 - [SUCCESS] https://www.jianshu.com/users/password/mobile_reset
2020-07-18 22:10:43.033 | INFO     | __main__:run:128 - [SUCCESS] https://tj.ikongjian.com/reservation/index
2020-07-18 22:11:48.356 | INFO     | __main__:run:128 - [SUCCESS] https://www.xxsy.net/Reg
2020-07-18 22:12:47.863 | INFO     | __main__:run:128 - [SUCCESS] https://sso.kuaidi100.com/sso/authorize.do
2020-07-18 22:12:57.390 | INFO     | __main__:run:135 - [ERROR] https://www.zhangmen.com/lp/sem
2020-07-18 22:13:51.890 | INFO     | __main__:run:128 - [SUCCESS] http://wap.gbhui.com/captcha_login.html
2020-07-18 22:14:54.724 | INFO     | __main__:run:128 - [SUCCESS] https://2car.haval.com.cn/quicklogin
2020-07-18 22:16:42.462 | INFO     | __main__:run:128 - [SUCCESS] http://www.bole.com/registerPage
2020-07-18 22:17:42.469 | INFO     | __main__:run:133 - [ERROR] https://wse.com.cn/zh/register/
2020-07-18 22:17:42.989 | INFO     | __main__:run:135 - [ERROR] http://passport.360eol.com/pc/passwordOrCodeLogin?from=http%3A%2F%2Fnanjing.360loushi.com%2F&appId=AOqn8WGeXHGZN23dF
2020-07-18 22:17:45.849 | INFO     | __main__:run:135 - [ERROR] http://www.onlychild.cn/
2020-07-18 22:18:35.595 | INFO     | __main__:run:128 - [SUCCESS] https://www.jia.com/zx/other/semtf/
2020-07-18 22:18:38.459 | INFO     | __main__:run:135 - [ERROR] https://class.hujiang.com/
2020-07-18 22:19:44.107 | INFO     | __main__:run:128 - [SUCCESS] http://www.it61.cn/coding-class/
2020-07-18 22:20:31.261 | INFO     | __main__:run:128 - [SUCCESS] https://zt.xueersi.com/zaixian/pc-zhu-tiyanke/index.html
2020-07-18 22:21:38.439 | INFO     | __main__:run:128 - [SUCCESS] https://adm.youyucode.com/appointment.html?source=n1
2020-07-18 22:21:54.499 | INFO     | __main__:run:128 - [SUCCESS] http://www.51talk.com/landing/bdpz1_087737.html
2020-07-18 22:21:54.502 | INFO     | __main__:run:135 - [ERROR] https://www.znds.com/member.php?mod=zndscomregister
2020-07-18 22:22:54.511 | INFO     | __main__:run:133 - [ERROR] https://shenzhen.dyrs.com.cn/
2020-07-18 22:22:55.504 | INFO     | __main__:run:135 - [ERROR] https://www.znds.com/member.php?mod=zndscomregister
2020-07-18 22:23:55.513 | INFO     | __main__:run:133 - [ERROR] https://wse.com.cn/zh/register/
2020-07-18 22:24:17.871 | INFO     | __main__:run:135 - [ERROR] https://hi.codemao.cn/v2
2020-07-18 22:24:19.728 | INFO     | __main__:run:135 - [ERROR] http://user.tcl.com/proxy/login
2020-07-18 22:25:19.583 | INFO     | __main__:run:128 - [SUCCESS] https://www.ef.com.cn/englishfirst/kids/
2020-07-18 22:25:53.911 | INFO     | __main__:run:128 - [SUCCESS] http://www.51talk.com/landing/bdpz1_087737.html
2020-07-18 22:26:05.744 | INFO     | __main__:run:135 - [ERROR] https://account.xiaomi.com/pass/serviceLogin
2020-07-18 22:26:07.278 | INFO     | __main__:run:135 - [ERROR] https://login.51job.com/login.php?isjump=0&loginway=1&lang=c&from_domain=i&url=
2020-07-18 22:26:47.889 | INFO     | __main__:run:128 - [SUCCESS] http://wap.gbhui.com/captcha_login.html
2020-07-18 22:27:51.341 | INFO     | __main__:run:128 - [SUCCESS] http://wap.gbhui.com/captcha_login.html
2020-07-18 22:28:22.959 | INFO     | __main__:run:128 - [SUCCESS] https://account.geekbang.org/infoq/signup?redirect=https%3A%2F%2Fwww.infoq.cn%2Farticle%2FLZE%2aob52bASspjYu4c6Z
2020-07-18 23:15:57.226 | INFO     | __main__:run:128 - [SUCCESS] https://www.gsbankmall.com/index.php/Wap/index/userhome.html
2020-07-18 23:17:23.979 | INFO     | __main__:run:128 - [SUCCESS] https://www.ef.com.cn/englishfirst/kids/
2020-07-18 23:18:23.988 | INFO     | __main__:run:133 - [ERROR] https://www.idayu.cn/
2020-07-18 23:19:06.823 | INFO     | __main__:run:128 - [SUCCESS] http://reg.timemm.com/user/register
2020-07-18 23:19:54.051 | INFO     | __main__:run:128 - [SUCCESS] http://xw7c8v4rx7ajxxvj.mikecrm.com/kiMGSiQ
2020-07-18 23:20:06.539 | INFO     | __main__:run:135 - [ERROR] http://user.tcl.com/proxy/login
2020-07-18 23:21:15.043 | INFO     | __main__:run:128 - [SUCCESS] https://qy.thea.cn/
2020-07-18 23:21:15.047 | INFO     | __main__:run:135 - [ERROR] http://www.it61.cn/coding-class/
2020-07-18 23:22:33.885 | INFO     | __main__:run:135 - [ERROR] https://hi.codemao.cn/v2
2020-07-18 23:23:16.051 | INFO     | __main__:run:128 - [SUCCESS] http://www9.53kf.com/webCompany.php?arg=10135712&style=4
2020-07-18 23:23:47.249 | INFO     | __main__:run:128 - [SUCCESS] https://accounts.douban.com/passport/login?source=book
2020-07-18 23:24:35.814 | INFO     | __main__:run:128 - [SUCCESS] https://sso.kuaidi100.com/sso/reg.jsp
2020-07-18 23:25:21.551 | INFO     | __main__:run:128 - [SUCCESS] https://accounts.douban.com/passport/login?source=book
2020-07-18 23:25:45.220 | INFO     | __main__:run:128 - [SUCCESS] https://passport.58.com/reg/
2020-07-18 23:26:36.999 | INFO     | __main__:run:128 - [SUCCESS] https://all-dream.com/
2020-07-18 23:26:47.890 | INFO     | __main__:run:135 - [ERROR] http://www.ubxedu.com/course/
2020-07-18 23:28:03.509 | INFO     | __main__:run:128 - [SUCCESS] http://www.kgc.cn/zhuanti/cpjh_pc.shtml
2020-07-18 23:28:43.636 | INFO     | __main__:run:128 - [SUCCESS] http://reg.timemm.com/user/register
2020-07-18 23:29:28.539 | INFO     | __main__:run:128 - [SUCCESS] http://zs.jiameng.com/goJmPriceBoard2.html
2020-07-18 23:29:28.545 | INFO     | __main__:run:135 - [ERROR] https://adm.youyucode.com/appointment.html?source=n1
2020-07-18 23:29:51.872 | INFO     | __main__:run:135 - [ERROR] https://www.story-mark.com/login/code
2020-07-18 23:30:34.453 | INFO     | __main__:run:128 - [SUCCESS] https://class.hujiang.com/
2020-07-18 23:31:08.048 | INFO     | __main__:run:128 - [SUCCESS] https://www.xxsy.net/Reg
2020-07-18 23:31:21.336 | INFO     | __main__:run:135 - [ERROR] https://adm.youyucode.com/appointment.html?source=n1
2020-07-18 23:32:42.319 | INFO     | __main__:run:128 - [SUCCESS] http://www.qianlima.com/new/keywordzhuolu_invite.jsp
2020-07-18 23:33:02.355 | INFO     | __main__:run:128 - [SUCCESS] https://ims.pinduoduo.com/plus/
2020-07-18 23:33:28.355 | INFO     | __main__:run:128 - [SUCCESS] https://user.mihoyo.com/#/register/mobile?cb_route=%2Faccount%2Fhome
2020-07-18 23:33:38.702 | INFO     | __main__:run:135 - [ERROR] https://www.ququabc.com/offlinep.htm
2020-07-18 23:34:07.154 | INFO     | __main__:run:128 - [SUCCESS] http://wap.gbhui.com/captcha_login.html
2020-07-18 23:35:10.473 | INFO     | __main__:run:128 - [SUCCESS] http://www.51talk.com/landing/bdpz1_087737.html
2020-07-18 23:35:10.476 | INFO     | __main__:run:135 - [ERROR] http://www.51talk.com/landing/bdpz1_087737.html
2020-07-18 23:36:11.965 | INFO     | __main__:run:128 - [SUCCESS] https://www.jianshu.com/users/password/mobile_reset
2020-07-18 23:37:12.787 | INFO     | __main__:run:128 - [SUCCESS] https://passport.58.com/reg/
2020-07-19 12:41:13.306 | INFO     | __main__:run:128 - [SUCCESS] https://2car.haval.com.cn/quicklogin
2020-07-19 12:42:27.512 | INFO     | __main__:run:128 - [SUCCESS] https://www.vipjr.com/
2020-07-19 12:42:43.071 | INFO     | __main__:run:135 - [ERROR] https://account.xiaomi.com/pass/serviceLogin
2020-07-19 12:43:15.020 | INFO     | __main__:run:128 - [SUCCESS] http://passport.360eol.com/pc/passwordOrCodeLogin?from=http%3A%2F%2Fnanjing.360loushi.com%2F&appId=AOqn8WGeXHGZN23dF
2020-07-19 12:43:51.710 | INFO     | __main__:run:128 - [SUCCESS] http://wap.gbhui.com/captcha_login.html
2020-07-19 12:44:47.710 | INFO     | __main__:run:128 - [SUCCESS] https://www.qinxue365.com/business/388.html
2020-07-19 12:45:22.519 | INFO     | __main__:run:128 - [SUCCESS] http://wap.gbhui.com/captcha_login.html
2020-07-19 12:46:22.533 | INFO     | __main__:run:133 - [ERROR] http://www.cctvqcxq.com/
2020-07-19 12:47:35.938 | INFO     | __main__:run:128 - [SUCCESS] https://class.hujiang.com/
2020-07-19 12:48:35.952 | INFO     | __main__:run:133 - [ERROR] https://wse.com.cn/zh/register/
2020-07-19 12:49:33.518 | INFO     | __main__:run:128 - [SUCCESS] http://reg.timemm.com/user/register
2020-07-19 12:50:29.961 | INFO     | __main__:run:128 - [SUCCESS] https://www.nicekid.com/register/nicekid-biteabc
2020-07-19 12:51:56.325 | INFO     | __main__:run:128 - [SUCCESS] https://www.jianshu.com/users/password/mobile_reset
2020-07-19 12:52:32.790 | INFO     | __main__:run:128 - [SUCCESS] https://www.jia.com/zx/other/semtf/
2020-07-19 12:52:57.182 | INFO     | __main__:run:128 - [SUCCESS] https://user.mihoyo.com/#/register/mobile?cb_route=%2Faccount%2Fhome
2020-07-19 12:54:22.209 | INFO     | __main__:run:128 - [SUCCESS] http://bj.xtuan.com/zhuangxiu/
2020-07-19 12:54:56.079 | INFO     | __main__:run:128 - [SUCCESS] http://www.sh-juyun.com/
2020-07-19 12:56:43.897 | INFO     | __main__:run:128 - [SUCCESS] http://www.kgc.cn/zhuanti/cpjh_pc.shtml
2020-07-19 12:57:13.450 | INFO     | __main__:run:135 - [ERROR] https://hi.codemao.cn/v2
2020-07-19 12:57:47.963 | INFO     | __main__:run:128 - [SUCCESS] https://zt.xueersi.com/zaixian/pc-zhu-tiyanke/index.html
2020-07-19 12:58:47.970 | INFO     | __main__:run:133 - [ERROR] https://www.jianshu.com/users/password/mobile_reset
2020-07-19 12:59:28.341 | INFO     | __main__:run:128 - [SUCCESS] https://www.nicekid.com/register/nicekid-biteabc
2020-07-19 13:00:17.233 | INFO     | __main__:run:128 - [SUCCESS] https://login.51job.com/login.php?isjump=0&loginway=1&lang=c&from_domain=i&url=
2020-07-19 13:00:39.564 | INFO     | __main__:run:128 - [SUCCESS] http://www.51talk.com/landing/bdpz1_087737.html
2020-07-19 13:00:39.567 | INFO     | __main__:run:135 - [ERROR] https://www.zhangmen.com/lp/sem
2020-07-19 13:00:45.517 | INFO     | __main__:run:135 - [ERROR] https://www.liuxue86.com/
2020-07-19 13:01:31.284 | INFO     | __main__:run:128 - [SUCCESS] https://ims.pinduoduo.com/plus/
2020-07-19 13:02:29.217 | INFO     | __main__:run:128 - [SUCCESS] https://sso.kuaidi100.com/sso/authorize.do
2020-07-19 13:03:36.995 | INFO     | __main__:run:128 - [SUCCESS] http://www.qianlima.com/new/keywordzhuolu_invite.jsp
2020-07-19 13:04:06.042 | INFO     | __main__:run:128 - [SUCCESS] http://zs.jiameng.com/goJmPriceBoard2.html
2020-07-19 13:04:06.045 | INFO     | __main__:run:135 - [ERROR] http://www.51talk.com/landing/bdpz1_087737.html
2020-07-19 13:04:54.036 | INFO     | __main__:run:128 - [SUCCESS] http://www.it61.cn/coding-class/
2020-07-19 13:06:38.632 | INFO     | __main__:run:128 - [SUCCESS] https://2car.haval.com.cn/quicklogin
2020-07-19 13:06:48.784 | INFO     | __main__:run:135 - [ERROR] http://user.tcl.com/proxy/login
2020-07-19 13:08:08.882 | INFO     | __main__:run:128 - [SUCCESS] https://accounts.douban.com/passport/login?source=book
2020-07-19 13:09:03.508 | INFO     | __main__:run:128 - [SUCCESS] https://sso.kuaidi100.com/sso/reg.jsp
2020-07-19 13:09:23.144 | INFO     | __main__:run:128 - [SUCCESS] https://www.story-mark.com/login/code
2020-07-19 13:09:40.947 | INFO     | __main__:run:128 - [SUCCESS] https://ims.pinduoduo.com/plus/
2020-07-19 13:10:09.469 | INFO     | __main__:run:128 - [SUCCESS] https://www.znds.com/member.php?mod=zndscomregister
2020-07-19 13:10:37.925 | INFO     | __main__:run:128 - [SUCCESS] https://login.51job.com/login.php?isjump=0&loginway=1&lang=c&from_domain=i&url=
2020-07-19 13:11:29.558 | INFO     | __main__:run:128 - [SUCCESS] http://v.huatu.com/newUser/reg.php
2020-07-19 13:12:19.607 | INFO     | __main__:run:128 - [SUCCESS] https://sso.kuaidi100.com/sso/reg.jsp
2020-07-19 13:12:34.536 | INFO     | __main__:run:128 - [SUCCESS] http://reg.timemm.com/user/register
2020-07-19 13:13:34.543 | INFO     | __main__:run:133 - [ERROR] https://www.idayu.cn/
2020-07-19 13:13:49.374 | INFO     | __main__:run:128 - [SUCCESS] https://passport.58.com/reg/
2020-07-19 13:15:32.751 | INFO     | __main__:run:128 - [SUCCESS] http://www.onlychild.cn/
2020-07-19 13:15:32.758 | INFO     | __main__:run:135 - [ERROR] http://www.51talk.com/landing/bdpz1_087737.html
2020-07-19 13:16:49.677 | INFO     | __main__:run:128 - [SUCCESS] https://account.geekbang.org/infoq/signup?redirect=https%3A%2F%2Fwww.infoq.cn%2Farticle%2FLZE%2aob52bASspjYu4c6Z
2020-07-19 13:17:14.598 | INFO     | __main__:run:128 - [SUCCESS] https://user.mihoyo.com/#/register/mobile?cb_route=%2Faccount%2Fhome
2020-07-19 13:17:58.371 | INFO     | __main__:run:128 - [SUCCESS] http://www.zgtzmls.com/Home/User/reg.html
2020-07-19 13:18:35.734 | INFO     | __main__:run:128 - [SUCCESS] https://www.znds.com/member.php?mod=zndscomregister
2020-07-19 13:19:14.342 | INFO     | __main__:run:128 - [SUCCESS] https://www.ququabc.com/offlinep.htm
2020-07-19 13:19:14.348 | INFO     | __main__:run:135 - [ERROR] https://www.vipjr.com/
2020-07-19 13:19:58.261 | INFO     | __main__:run:128 - [SUCCESS] http://xw7c8v4rx7ajxxvj.mikecrm.com/kiMGSiQ
2020-07-19 13:20:53.821 | INFO     | __main__:run:128 - [SUCCESS] https://www.ef.com.cn/englishfirst/kids/
2020-07-19 13:21:46.589 | INFO     | __main__:run:128 - [SUCCESS] https://www.zhangmen.com/lp/sem
2020-07-19 13:22:22.457 | INFO     | __main__:run:128 - [SUCCESS] https://www.gsbankmall.com/index.php/Wap/index/userhome.html
2020-07-19 13:22:35.806 | INFO     | __main__:run:128 - [SUCCESS] https://user.mihoyo.com/#/register/mobile?cb_route=%2Faccount%2Fhome
2020-07-19 13:23:13.811 | INFO     | __main__:run:128 - [SUCCESS] http://www.sxxxpx.cn/mba/wps/p/002QG/
2020-07-19 13:23:13.820 | INFO     | __main__:run:135 - [ERROR] https://adm.youyucode.com/appointment.html?source=n1
2020-07-19 13:24:02.814 | INFO     | __main__:run:128 - [SUCCESS] https://www.story-mark.com/login/code
2020-07-19 13:25:00.735 | INFO     | __main__:run:128 - [SUCCESS] http://www.zgtzmls.com/Home/User/reg.html
2020-07-19 13:26:22.636 | INFO     | __main__:run:128 - [SUCCESS] https://tj.ikongjian.com/reservation/index
2020-07-19 13:27:14.653 | INFO     | __main__:run:128 - [SUCCESS] https://www.story-mark.com/login/code
2020-07-19 13:28:21.595 | INFO     | __main__:run:128 - [SUCCESS] https://passport.58.com/reg/
2020-07-19 13:29:08.670 | INFO     | __main__:run:128 - [SUCCESS] https://class.hujiang.com/
2020-07-19 13:30:08.679 | INFO     | __main__:run:133 - [ERROR] https://wse.com.cn/zh/register/
2020-07-19 13:30:11.831 | INFO     | __main__:run:135 - [ERROR] https://sso.kuaidi100.com/sso/authorize.do
2020-07-19 13:31:11.396 | INFO     | __main__:run:128 - [SUCCESS] https://adm.youyucode.com/appointment.html?source=n1
2020-07-19 13:32:09.034 | INFO     | __main__:run:128 - [SUCCESS] https://ims.pinduoduo.com/plus/
2020-07-19 13:33:20.478 | INFO     | __main__:run:128 - [SUCCESS] https://all-dream.com/
2020-07-19 13:33:22.468 | INFO     | __main__:run:135 - [ERROR] http://www9.53kf.com/webCompany.php?arg=10135712&style=4
2020-07-19 13:34:46.546 | INFO     | __main__:run:128 - [SUCCESS] https://www.xxsy.net/Reg
2020-07-19 13:35:42.527 | INFO     | __main__:run:128 - [SUCCESS] https://www.xxsy.net/Reg
2020-07-19 13:36:01.972 | INFO     | __main__:run:135 - [ERROR] http://fd1.qinxue100.com/index.html
2020-07-19 13:37:15.360 | INFO     | __main__:run:128 - [SUCCESS] http://www.beimu.com/school/
2020-07-19 13:37:55.924 | INFO     | __main__:run:128 - [SUCCESS] http://www.qianlima.com/new/keywordzhuolu_invite.jsp
2020-07-19 13:38:43.718 | INFO     | __main__:run:128 - [SUCCESS] https://www.xxsy.net/Reg
2020-07-19 13:38:57.835 | INFO     | __main__:run:128 - [SUCCESS] https://www.znds.com/member.php?mod=zndscomregister
2020-07-19 13:39:37.433 | INFO     | __main__:run:128 - [SUCCESS] https://adm.youyucode.com/appointment.html?source=n1
2020-07-19 13:39:55.044 | INFO     | __main__:run:128 - [SUCCESS] http://www.zgtzmls.com/Home/User/reg.html
2020-07-19 13:40:16.567 | INFO     | __main__:run:128 - [SUCCESS] http://reg.timemm.com/user/register
2020-07-19 13:40:27.631 | INFO     | __main__:run:135 - [ERROR] http://user.tcl.com/proxy/login
2020-07-19 13:40:52.584 | INFO     | __main__:run:128 - [SUCCESS] http://www.gemstonecn.com/consociation.php
2020-07-19 13:41:37.831 | INFO     | __main__:run:128 - [SUCCESS] https://sso.kuaidi100.com/sso/authorize.do
2020-07-19 13:42:42.234 | INFO     | __main__:run:128 - [SUCCESS] https://shenzhen.dyrs.com.cn/
2020-07-19 13:43:37.695 | INFO     | __main__:run:128 - [SUCCESS] http://passport.360eol.com/pc/passwordOrCodeLogin?from=http%3A%2F%2Fnanjing.360loushi.com%2F&appId=AOqn8WGeXHGZN23dF
2020-07-19 13:45:41.274 | INFO     | __main__:run:128 - [SUCCESS] https://www.vipjr.com/
2020-07-19 13:46:38.821 | INFO     | __main__:run:128 - [SUCCESS] https://class.hujiang.com/
2020-07-19 13:47:25.232 | INFO     | __main__:run:128 - [SUCCESS] https://zt.xueersi.com/zaixian/pc-zhu-tiyanke/index.html
2020-07-19 13:48:31.147 | INFO     | __main__:run:128 - [SUCCESS] https://2car.haval.com.cn/quicklogin
2020-07-19 13:49:21.141 | INFO     | __main__:run:128 - [SUCCESS] https://passport.58.com/reg/
2020-07-19 13:50:23.837 | INFO     | __main__:run:128 - [SUCCESS] https://www.gsbankmall.com/index.php/Wap/index/userhome.html
2020-07-19 13:50:33.446 | INFO     | __main__:run:135 - [ERROR] https://account.xiaomi.com/pass/serviceLogin
2020-07-19 13:51:06.538 | INFO     | __main__:run:128 - [SUCCESS] https://accounts.douban.com/passport/login?source=book
2020-07-19 13:51:21.310 | INFO     | __main__:run:128 - [SUCCESS] https://www.nicekid.com/register/nicekid-biteabc
2020-07-19 13:51:46.302 | INFO     | __main__:run:128 - [SUCCESS] https://www.to8to.com/yezhu/
2020-07-19 13:53:31.023 | INFO     | __main__:run:128 - [SUCCESS] https://www.magaoedu.com/
2020-07-19 13:53:31.029 | INFO     | __main__:run:135 - [ERROR] http://www.ubxedu.com/course/
2020-07-19 13:53:48.503 | INFO     | __main__:run:128 - [SUCCESS] http://www.bole.com/registerPage
2020-07-19 13:54:23.186 | INFO     | __main__:run:135 - [ERROR] https://hi.codemao.cn/v2
2020-07-19 13:55:24.445 | INFO     | __main__:run:128 - [SUCCESS] https://account.geekbang.org/infoq/signup?redirect=https%3A%2F%2Fwww.infoq.cn%2Farticle%2FLZE%2aob52bASspjYu4c6Z
2020-07-19 13:56:16.698 | INFO     | __main__:run:128 - [SUCCESS] https://www.jianshu.com/users/password/mobile_reset
2020-07-19 13:56:38.485 | INFO     | __main__:run:128 - [SUCCESS] http://beijing.zhuangxiuyizu.cn/
2020-07-19 13:57:34.698 | INFO     | __main__:run:128 - [SUCCESS] http://v.huatu.com/newUser/reg.php
2020-07-19 13:58:41.892 | INFO     | __main__:run:128 - [SUCCESS] http://www.hellotom-edu.com/470
2020-07-19 13:58:41.898 | INFO     | __main__:run:135 - [ERROR] https://wse.com.cn/zh/register/
2020-07-19 13:59:07.396 | INFO     | __main__:run:128 - [SUCCESS] http://wap.gbhui.com/captcha_login.html
2020-07-19 14:00:06.933 | INFO     | __main__:run:128 - [SUCCESS] http://www.qianlima.com/new/keywordzhuolu_invite.jsp
2020-07-19 14:00:49.862 | INFO     | __main__:run:128 - [SUCCESS] http://xa.ui.tedu.cn/baiduuipc/zh
2020-07-19 14:00:58.230 | INFO     | __main__:run:135 - [ERROR] https://account.xiaomi.com/pass/serviceLogin
2020-07-19 14:01:56.052 | INFO     | __main__:run:128 - [SUCCESS] http://v.huatu.com/newUser/reg.php
2020-07-19 14:02:24.221 | INFO     | __main__:run:128 - [SUCCESS] https://sso.kuaidi100.com/sso/reg.jsp
2020-07-19 14:02:53.093 | INFO     | __main__:run:128 - [SUCCESS] https://www.gsbankmall.com/index.php/Wap/index/userhome.html
2020-07-19 14:03:17.919 | INFO     | __main__:run:128 - [SUCCESS] https://login.51job.com/login.php?isjump=0&loginway=1&lang=c&from_domain=i&url=
2020-07-19 14:04:32.813 | INFO     | __main__:run:128 - [SUCCESS] http://passport.360eol.com/pc/passwordOrCodeLogin?from=http%3A%2F%2Fnanjing.360loushi.com%2F&appId=AOqn8WGeXHGZN23dF
2020-07-19 14:04:59.139 | INFO     | __main__:run:128 - [SUCCESS] https://zt.xueersi.com/zaixian/pc-zhu-tiyanke/index.html
2020-07-19 19:34:08.049 | INFO     | __main__:run:128 - [SUCCESS] https://zt.xueersi.com/zaixian/pc-zhu-tiyanke/index.html
2020-07-19 19:35:06.463 | INFO     | __main__:run:128 - [SUCCESS] https://www.ef.com.cn/englishfirst/kids/
2020-07-19 19:35:14.469 | INFO     | __main__:run:135 - [ERROR] https://account.xiaomi.com/pass/serviceLogin
2020-07-19 19:35:40.929 | INFO     | __main__:run:128 - [SUCCESS] https://www.nicekid.com/register/nicekid-biteabc
2020-07-19 19:35:50.957 | INFO     | __main__:run:135 - [ERROR] https://hi.codemao.cn/v2
2020-07-19 19:36:08.398 | INFO     | __main__:run:128 - [SUCCESS] https://ims.pinduoduo.com/plus/
2020-07-19 19:36:35.209 | INFO     | __main__:run:128 - [SUCCESS] http://www.51talk.com/landing/bdpz1_087737.html
2020-07-19 19:36:35.216 | INFO     | __main__:run:135 - [ERROR] https://www.ququabc.com/offlinep.htm
2020-07-19 19:37:35.228 | INFO     | __main__:run:133 - [ERROR] https://www.idayu.cn/
2020-07-19 19:37:55.366 | INFO     | __main__:run:128 - [SUCCESS] https://account.geekbang.org/infoq/signup?redirect=https%3A%2F%2Fwww.infoq.cn%2Farticle%2FLZE%2aob52bASspjYu4c6Z
2020-07-19 19:38:44.662 | INFO     | __main__:run:128 - [SUCCESS] http://www.hellotom-edu.com/470
2020-07-19 19:38:44.668 | INFO     | __main__:run:135 - [ERROR] https://class.hujiang.com/
2020-07-19 19:38:59.192 | INFO     | __main__:run:135 - [ERROR] https://www.qinxue365.com/business/388.html
2020-07-19 19:39:40.236 | INFO     | __main__:run:128 - [SUCCESS] https://sso.kuaidi100.com/sso/authorize.do
2020-07-19 19:40:23.199 | INFO     | __main__:run:128 - [SUCCESS] http://baiduloushi.com/plus/view.php?aid=653
2020-07-19 19:40:23.209 | INFO     | __main__:run:135 - [ERROR] http://www.zgtzmls.com/Home/User/reg.html
2020-07-19 19:41:09.406 | INFO     | __main__:run:128 - [SUCCESS] https://www.znds.com/member.php?mod=zndscomregister
2020-07-19 19:41:43.000 | INFO     | __main__:run:128 - [SUCCESS] https://www.zhangmen.com/lp/sem
2020-07-19 19:42:43.010 | INFO     | __main__:run:133 - [ERROR] https://wse.com.cn/zh/register/
2020-07-19 19:43:29.662 | INFO     | __main__:run:128 - [SUCCESS] http://xw7c8v4rx7ajxxvj.mikecrm.com/kiMGSiQ
2020-07-19 19:44:01.248 | INFO     | __main__:run:128 - [SUCCESS] https://passport.58.com/reg/
2020-07-19 19:44:32.407 | INFO     | __main__:run:128 - [SUCCESS] https://www.story-mark.com/login/code
2020-07-19 19:44:35.970 | INFO     | __main__:run:135 - [ERROR] https://sso.kuaidi100.com/sso/authorize.do
2020-07-19 19:45:26.415 | INFO     | __main__:run:128 - [SUCCESS] https://www.gsbankmall.com/index.php/Wap/index/userhome.html
2020-07-19 19:46:26.888 | INFO     | __main__:run:128 - [SUCCESS] https://user.mihoyo.com/#/register/mobile?cb_route=%2Faccount%2Fhome
2020-07-19 19:46:59.235 | INFO     | __main__:run:128 - [SUCCESS] http://v.huatu.com/newUser/reg.php
2020-07-19 19:47:22.551 | INFO     | __main__:run:128 - [SUCCESS] http://www.zgtzmls.com/Home/User/reg.html
2020-07-19 19:48:39.814 | INFO     | __main__:run:128 - [SUCCESS] http://reg.timemm.com/user/register
2020-07-19 19:48:58.921 | INFO     | __main__:run:128 - [SUCCESS] https://www.vipjr.com/
2020-07-19 19:49:24.691 | INFO     | __main__:run:128 - [SUCCESS] http://www.51talk.com/landing/bdpz1_087737.html
2020-07-19 19:49:24.698 | INFO     | __main__:run:135 - [ERROR] http://www.onlychild.cn/
2020-07-19 19:50:30.432 | INFO     | __main__:run:128 - [SUCCESS] http://www.qianlima.com/new/keywordzhuolu_invite.jsp
2020-07-19 19:51:44.674 | INFO     | __main__:run:128 - [SUCCESS] http://passport.360eol.com/pc/passwordOrCodeLogin?from=http%3A%2F%2Fnanjing.360loushi.com%2F&appId=AOqn8WGeXHGZN23dF
2020-07-19 19:52:23.826 | INFO     | __main__:run:128 - [SUCCESS] https://wse.com.cn/zh/register/
2020-07-19 19:52:46.154 | INFO     | __main__:run:135 - [ERROR] http://www.unclesamedu.com/index.php
2020-07-19 19:52:50.910 | INFO     | __main__:run:135 - [ERROR] https://www.liuxue86.com/
2020-07-19 19:53:10.807 | INFO     | __main__:run:128 - [SUCCESS] https://www.zhangmen.com/lp/sem
2020-07-19 19:53:22.265 | INFO     | __main__:run:128 - [SUCCESS] https://adm.youyucode.com/appointment.html?source=n1
2020-07-19 19:53:46.036 | INFO     | __main__:run:128 - [SUCCESS] https://www.vipjr.com/
2020-07-19 19:54:27.780 | INFO     | __main__:run:128 - [SUCCESS] http://www.bole.com/registerPage
2020-07-19 19:55:19.052 | INFO     | __main__:run:128 - [SUCCESS] https://tj.ikongjian.com/reservation/index
2020-07-19 19:55:32.683 | INFO     | __main__:run:128 - [SUCCESS] https://account.geekbang.org/infoq/signup?redirect=https%3A%2F%2Fwww.infoq.cn%2Farticle%2FLZE%2aob52bASspjYu4c6Z
2020-07-19 19:55:53.494 | INFO     | __main__:run:128 - [SUCCESS] http://wap.gbhui.com/captcha_login.html
2020-07-19 19:56:45.008 | INFO     | __main__:run:128 - [SUCCESS] https://login.51job.com/login.php?isjump=0&loginway=1&lang=c&from_domain=i&url=
2020-07-19 19:57:11.367 | INFO     | __main__:run:128 - [SUCCESS] https://sso.kuaidi100.com/sso/authorize.do
2020-07-19 19:57:28.483 | INFO     | __main__:run:128 - [SUCCESS] https://www.gsbankmall.com/index.php/Wap/index/userhome.html
2020-07-19 19:57:53.524 | INFO     | __main__:run:128 - [SUCCESS] http://reg.timemm.com/user/register
2020-07-19 19:58:25.324 | INFO     | __main__:run:128 - [SUCCESS] http://www.it61.cn/coding-class/
2020-07-19 19:59:25.496 | INFO     | __main__:run:128 - [SUCCESS] https://sso.kuaidi100.com/sso/reg.jsp
2020-07-19 19:59:33.647 | INFO     | __main__:run:135 - [ERROR] https://account.xiaomi.com/pass/serviceLogin
2020-07-19 20:00:19.306 | INFO     | __main__:run:128 - [SUCCESS] https://all-dream.com/
2020-07-19 20:00:30.942 | INFO     | __main__:run:135 - [ERROR] https://hi.codemao.cn/v2
2020-07-19 20:00:50.276 | INFO     | __main__:run:128 - [SUCCESS] https://wse.com.cn/zh/register/
2020-07-19 20:02:01.043 | INFO     | __main__:run:128 - [SUCCESS] https://user.mihoyo.com/#/register/mobile?cb_route=%2Faccount%2Fhome
